[
  {
    "id": "2ab81e52-3865-49c2-92b4-f1fdf5ca262c",
    "timestamp": "2026-03-18T07:33:37.86197897+08:00",
    "event_type": "success",
    "user_id": "user-001",
    "username": "user1",
    "ip": "192.168.1.1",
    "user_agent": "",
    "auth_method": "password",
    "location": {
      "country": "Unknown",
      "country_code": "XX"
    },
    "status": "success",
    "session_id": "9f71bbc7-f5d6-4654-8dac-2f9920038ddb",
    "previous_login": "2026-03-18T07:33:37.86197897+08:00",
    "risk_score": 0,
    "risk_factors": []
  }
]