[
  {
    "id": "d537e246-f9a9-4b70-a8ec-93bedd747cbd",
    "timestamp": "2026-03-19T05:26:40.458082361+08:00",
    "event_type": "success",
    "user_id": "user-001",
    "username": "user1",
    "ip": "192.168.1.1",
    "user_agent": "",
    "auth_method": "password",
    "location": {
      "country": "Unknown",
      "country_code": "XX"
    },
    "status": "success",
    "session_id": "56dea7fc-5eb4-4bf7-9cc5-6ec981f5f02f",
    "previous_login": "2026-03-19T05:26:40.458082361+08:00",
    "risk_score": 10,
    "risk_factors": []
  }
]