[
  {
    "id": "508c1f91-0cf5-46f8-a2eb-507b92bc7250",
    "timestamp": "2026-03-20T12:07:12.012960934+08:00",
    "event_type": "success",
    "user_id": "user-001",
    "username": "user1",
    "ip": "192.168.1.1",
    "user_agent": "",
    "auth_method": "password",
    "location": {
      "country": "Unknown",
      "country_code": "XX"
    },
    "status": "success",
    "session_id": "8732cdfa-2952-483e-b70b-9f474cd3dde0",
    "previous_login": "2026-03-20T12:07:12.012960934+08:00",
    "risk_score": 0,
    "risk_factors": []
  }
]